<?xml version="1.0" encoding="UTF-8"?>
<!-- Generated by org.testng.reporters.JUnitReportReporter -->
<testsuite hostname="ASWIN" failures="0" tests="1" name="test.LoginnTest" time="11.580" errors="0" timestamp="2024-08-19T14:49:15 IST" skipped="0">
  <testcase classname="test.LoginnTest" name="test2" time="11.580"/>
</testsuite> <!-- test.LoginnTest -->
