<?xml version="1.0" encoding="UTF-8"?>
<!-- Generated by org.testng.reporters.JUnitReportReporter -->
<testsuite hostname="ASWIN" failures="0" tests="1" name="test.Titleverificationandlinktest" time="2.501" errors="0" timestamp="2024-08-18T17:03:35 IST" skipped="0">
  <testcase classname="test.Titleverificationandlinktest" name="test1" time="2.501"/>
</testsuite> <!-- test.Titleverificationandlinktest -->
