<?xml version="1.0" encoding="UTF-8"?>
<!-- Generated by org.testng.reporters.JUnitReportReporter -->
<testsuite hostname="ASWIN" failures="0" tests="1" name="test.Datepickerrrtest" time="7.400" errors="0" timestamp="2024-08-26T22:05:56 IST" skipped="0">
  <testcase classname="test.Datepickerrrtest" name="test1" time="7.400"/>
</testsuite> <!-- test.Datepickerrrtest -->
